INFO:sim:172 - Generating IP...
Applying current project options...
Finished applying current project options.
ERROR:sim - Improperly formatted COE file /home/nikhil/Desktop/data.coe.
ERROR:sim -    Parameter assignments should be separated by a ";" character.
ERROR:sim -     Found an illegal assignment on line 9.
ERROR:sim - Improperly formatted COE file /home/nikhil/Desktop/data.coe.
ERROR:sim -    Parameter assignments should be separated by a ";" character.
ERROR:sim -     Found an illegal assignment on line 9.
ERROR:sim - An invalid core configuration has been detected during
ERROR:sim -    Customization. Core parameters will be reset to their default
   values.
ERROR:sim - Improperly formatted COE file /home/nikhil/Desktop/data.coe.
ERROR:sim -    Parameter assignments should be separated by a ";" character.
ERROR:sim -     Found an illegal assignment on line 9.
ERROR:sim - Unable to find /home/nikhil/Desktop/data.co
ERROR:sim -    Coregen is looking for /home/nikhil/Desktop/data.co
ERROR:sim - Unable to find /home/nikhil/Desktop/data.c
ERROR:sim -    Coregen is looking for /home/nikhil/Desktop/data.c
ERROR:sim - Unable to find /home/nikhil/Desktop/data.co
ERROR:sim -    Coregen is looking for /home/nikhil/Desktop/data.co
ERROR:sim - Improperly formatted COE file /home/nikhil/Desktop/data.coe.
ERROR:sim -    Parameter assignments should be separated by a ";" character.
ERROR:sim -     Found an illegal assignment on line 9.
ERROR:sim - Unable to find /home/nikhil/Desktop/data.co
ERROR:sim -    Coregen is looking for /home/nikhil/Desktop/data.co
ERROR:sim - Unable to find /home/nikhil/Desktop/data.c
ERROR:sim -    Coregen is looking for /home/nikhil/Desktop/data.c
ERROR:sim - Unable to find /home/nikhil/Desktop/data.co
ERROR:sim -    Coregen is looking for /home/nikhil/Desktop/data.co
Resolving generics for 'blk_mem_gen_v7_3'...
Applying external generics to 'blk_mem_gen_v7_3'...
Delivering associated files for 'blk_mem_gen_v7_3'...
Delivering EJava files for 'blk_mem_gen_v7_3'...
Generating implementation netlist for 'blk_mem_gen_v7_3'...
INFO:sim - Pre-processing HDL files for 'blk_mem_gen_v7_3'...
Running synthesis for 'blk_mem_gen_v7_3'
Running ngcbuild...
Writing VEO instantiation template for 'blk_mem_gen_v7_3'...
Writing Verilog behavioral simulation model for 'blk_mem_gen_v7_3'...
WARNING:sim - Overwriting existing file
   /home/nikhil/Desktop/COA_Lab_Grp_60/COA_lab_Grp_60/ipcore_dir/tmp/_cg/blk_mem
   _gen_v7_3/doc/blk_mem_gen_v7_3_vinfo.html with file from view
   xilinx_documentation
Delivered 1 file into directory
/home/nikhil/Desktop/COA_Lab_Grp_60/COA_lab_Grp_60/ipcore_dir/tmp/_cg/blk_mem_ge
n_v7_3
Generating ASY schematic symbol...
INFO:sim:949 - Finished generation of ASY schematic symbol.
Generating SYM schematic symbol for 'blk_mem_gen_v7_3'...
Generating metadata file...
Generating ISE project file for 'blk_mem_gen_v7_3'...
Generating ISE project...
XCO file found: blk_mem_gen_v7_3.xco
XMDF file found: blk_mem_gen_v7_3_xmdf.tcl
Adding
/home/nikhil/Desktop/COA_Lab_Grp_60/COA_lab_Grp_60/ipcore_dir/tmp/_cg/blk_mem_ge
n_v7_3.asy -view all -origin_type imported
Adding
/home/nikhil/Desktop/COA_Lab_Grp_60/COA_lab_Grp_60/ipcore_dir/tmp/_cg/blk_mem_ge
n_v7_3.ngc -view all -origin_type created
Checking file
"/home/nikhil/Desktop/COA_Lab_Grp_60/COA_lab_Grp_60/ipcore_dir/tmp/_cg/blk_mem_g
en_v7_3.ngc" for project device match ...
File
"/home/nikhil/Desktop/COA_Lab_Grp_60/COA_lab_Grp_60/ipcore_dir/tmp/_cg/blk_mem_g
en_v7_3.ngc" device information matches project device.
Adding
/home/nikhil/Desktop/COA_Lab_Grp_60/COA_lab_Grp_60/ipcore_dir/tmp/_cg/blk_mem_ge
n_v7_3.sym -view all -origin_type imported
Adding
/home/nikhil/Desktop/COA_Lab_Grp_60/COA_lab_Grp_60/ipcore_dir/tmp/_cg/blk_mem_ge
n_v7_3.v -view all -origin_type created
INFO:HDLCompiler:1845 - Analyzing Verilog file
   "/home/nikhil/Desktop/COA_Lab_Grp_60/COA_lab_Grp_60/ipcore_dir/tmp/_cg/blk_me
   m_gen_v7_3.v" into library work
INFO:ProjectMgmt - Parsing design hierarchy completed successfully.
Adding
/home/nikhil/Desktop/COA_Lab_Grp_60/COA_lab_Grp_60/ipcore_dir/tmp/_cg/blk_mem_ge
n_v7_3.veo -view all -origin_type imported
INFO:TclTasksC:2116 - The automatic calculation of top has been turned-off.
   Please set the new top explicitly by running the "project set top" command.
   To re-calculate the new top automatically, set the "Auto Implementation Top"
   property to true.
Top level has been set to "/blk_mem_gen_v7_3"
Generating README file...
Generating FLIST file...
INFO:sim:948 - Finished FLIST file generation.
Launching README viewer...
Moving files to output directory...
Finished moving files to output directory
Wrote CGP file for project 'datastore'.
